<?xml version="1.0" encoding="UTF-8"?>
<testng-results ignored="0" total="5" passed="5" failed="0" skipped="0">
  <reporter-output>
  </reporter-output>
  <suite started-at="2024-07-25T16:47:06 IST" name="Suite" finished-at="2024-07-25T16:48:08 IST" duration-ms="61965">
    <groups>
      <group name="regression">
        <method signature="TC_002_LoginValidationTest.loginValidation()[pri:0, instance:testCases.TC_002_LoginValidationTest@7674f035]" name="loginValidation" class="testCases.TC_002_LoginValidationTest"/>
      </group> <!-- regression -->
      <group name="sanity">
        <method signature="TC_001_AccountRegistrationTest.verify_account_registration()[pri:0, instance:testCases.TC_001_AccountRegistrationTest@2cf3d63b]" name="verify_account_registration" class="testCases.TC_001_AccountRegistrationTest"/>
      </group> <!-- sanity -->
      <group name="master">
        <method signature="TC_001_AccountRegistrationTest.verify_account_registration()[pri:0, instance:testCases.TC_001_AccountRegistrationTest@2cf3d63b]" name="verify_account_registration" class="testCases.TC_001_AccountRegistrationTest"/>
        <method signature="TC_002_LoginValidationTest.loginValidation()[pri:0, instance:testCases.TC_002_LoginValidationTest@7674f035]" name="loginValidation" class="testCases.TC_002_LoginValidationTest"/>
        <method signature="TC_004_SearchProductTest.verify_pruductSearch()[pri:0, instance:testCases.TC_004_SearchProductTest@69e153c5]" name="verify_pruductSearch" class="testCases.TC_004_SearchProductTest"/>
        <method signature="TC_005_AddToCartPageTest.verify_addToCart()[pri:0, instance:testCases.TC_005_AddToCartPageTest@173ed316]" name="verify_addToCart" class="testCases.TC_005_AddToCartPageTest"/>
        <method signature="TC_006_EndToEndTest.endToendTest()[pri:0, instance:testCases.TC_006_EndToEndTest@25ce9dc4]" name="endToendTest" class="testCases.TC_006_EndToEndTest"/>
      </group> <!-- master -->
    </groups>
    <test started-at="2024-07-25T16:47:06 IST" name="Test" finished-at="2024-07-25T16:48:08 IST" duration-ms="61965">
      <class name="testCases.TC_001_AccountRegistrationTest">
        <test-method is-config="true" signature="setup(java.lang.String)[pri:0, instance:testCases.TC_001_AccountRegistrationTest@2cf3d63b]" started-at="2024-07-25T16:47:06 IST" name="setup" finished-at="2024-07-25T16:47:09 IST" duration-ms="2804" status="PASS">
          <params>
            <param index="0">
              <value>
                <![CDATA[chrome]]>
              </value>
            </param>
          </params>
          <reporter-output>
          </reporter-output>
        </test-method> <!-- setup -->
        <test-method signature="verify_account_registration()[pri:0, instance:testCases.TC_001_AccountRegistrationTest@2cf3d63b]" started-at="2024-07-25T16:47:09 IST" name="verify_account_registration" finished-at="2024-07-25T16:47:14 IST" duration-ms="4437" status="PASS">
          <reporter-output>
          </reporter-output>
        </test-method> <!-- verify_account_registration -->
        <test-method is-config="true" signature="tearDown()[pri:0, instance:testCases.TC_001_AccountRegistrationTest@2cf3d63b]" started-at="2024-07-25T16:47:14 IST" name="tearDown" finished-at="2024-07-25T16:47:14 IST" duration-ms="191" status="PASS">
          <reporter-output>
          </reporter-output>
        </test-method> <!-- tearDown -->
      </class> <!-- testCases.TC_001_AccountRegistrationTest -->
      <class name="testCases.TC_005_AddToCartPageTest">
        <test-method is-config="true" signature="setup(java.lang.String)[pri:0, instance:testCases.TC_005_AddToCartPageTest@173ed316]" started-at="2024-07-25T16:47:20 IST" name="setup" finished-at="2024-07-25T16:47:22 IST" duration-ms="1791" status="PASS">
          <params>
            <param index="0">
              <value>
                <![CDATA[chrome]]>
              </value>
            </param>
          </params>
          <reporter-output>
          </reporter-output>
        </test-method> <!-- setup -->
        <test-method signature="verify_addToCart()[pri:0, instance:testCases.TC_005_AddToCartPageTest@173ed316]" started-at="2024-07-25T16:47:22 IST" name="verify_addToCart" finished-at="2024-07-25T16:47:23 IST" duration-ms="1277" status="PASS">
          <reporter-output>
          </reporter-output>
        </test-method> <!-- verify_addToCart -->
        <test-method is-config="true" signature="tearDown()[pri:0, instance:testCases.TC_005_AddToCartPageTest@173ed316]" started-at="2024-07-25T16:47:23 IST" name="tearDown" finished-at="2024-07-25T16:47:23 IST" duration-ms="180" status="PASS">
          <reporter-output>
          </reporter-output>
        </test-method> <!-- tearDown -->
      </class> <!-- testCases.TC_005_AddToCartPageTest -->
      <class name="testCases.TC_002_LoginValidationTest">
        <test-method is-config="true" signature="setup(java.lang.String)[pri:0, instance:testCases.TC_002_LoginValidationTest@7674f035]" started-at="2024-07-25T16:47:14 IST" name="setup" finished-at="2024-07-25T16:47:16 IST" duration-ms="1793" status="PASS">
          <params>
            <param index="0">
              <value>
                <![CDATA[chrome]]>
              </value>
            </param>
          </params>
          <reporter-output>
          </reporter-output>
        </test-method> <!-- setup -->
        <test-method signature="loginValidation()[pri:0, instance:testCases.TC_002_LoginValidationTest@7674f035]" started-at="2024-07-25T16:47:16 IST" name="loginValidation" finished-at="2024-07-25T16:47:17 IST" duration-ms="1530" status="PASS">
          <reporter-output>
          </reporter-output>
        </test-method> <!-- loginValidation -->
        <test-method is-config="true" signature="tearDown()[pri:0, instance:testCases.TC_002_LoginValidationTest@7674f035]" started-at="2024-07-25T16:47:17 IST" name="tearDown" finished-at="2024-07-25T16:47:17 IST" duration-ms="189" status="PASS">
          <reporter-output>
          </reporter-output>
        </test-method> <!-- tearDown -->
      </class> <!-- testCases.TC_002_LoginValidationTest -->
      <class name="testCases.TC_004_SearchProductTest">
        <test-method is-config="true" signature="setup(java.lang.String)[pri:0, instance:testCases.TC_004_SearchProductTest@69e153c5]" started-at="2024-07-25T16:47:17 IST" name="setup" finished-at="2024-07-25T16:47:19 IST" duration-ms="1707" status="PASS">
          <params>
            <param index="0">
              <value>
                <![CDATA[chrome]]>
              </value>
            </param>
          </params>
          <reporter-output>
          </reporter-output>
        </test-method> <!-- setup -->
        <test-method signature="verify_pruductSearch()[pri:0, instance:testCases.TC_004_SearchProductTest@69e153c5]" started-at="2024-07-25T16:47:19 IST" name="verify_pruductSearch" finished-at="2024-07-25T16:47:20 IST" duration-ms="678" status="PASS">
          <reporter-output>
          </reporter-output>
        </test-method> <!-- verify_pruductSearch -->
        <test-method is-config="true" signature="tearDown()[pri:0, instance:testCases.TC_004_SearchProductTest@69e153c5]" started-at="2024-07-25T16:47:20 IST" name="tearDown" finished-at="2024-07-25T16:47:20 IST" duration-ms="227" status="PASS">
          <reporter-output>
          </reporter-output>
        </test-method> <!-- tearDown -->
      </class> <!-- testCases.TC_004_SearchProductTest -->
      <class name="testCases.TC_006_EndToEndTest">
        <test-method is-config="true" signature="setup(java.lang.String)[pri:0, instance:testCases.TC_006_EndToEndTest@25ce9dc4]" started-at="2024-07-25T16:47:23 IST" name="setup" finished-at="2024-07-25T16:47:25 IST" duration-ms="1728" status="PASS">
          <params>
            <param index="0">
              <value>
                <![CDATA[chrome]]>
              </value>
            </param>
          </params>
          <reporter-output>
          </reporter-output>
        </test-method> <!-- setup -->
        <test-method signature="endToendTest()[pri:0, instance:testCases.TC_006_EndToEndTest@25ce9dc4]" started-at="2024-07-25T16:47:25 IST" name="endToendTest" finished-at="2024-07-25T16:48:08 IST" duration-ms="42862" status="PASS">
          <reporter-output>
          </reporter-output>
        </test-method> <!-- endToendTest -->
        <test-method is-config="true" signature="tearDown()[pri:0, instance:testCases.TC_006_EndToEndTest@25ce9dc4]" started-at="2024-07-25T16:48:08 IST" name="tearDown" finished-at="2024-07-25T16:48:08 IST" duration-ms="207" status="PASS">
          <reporter-output>
          </reporter-output>
        </test-method> <!-- tearDown -->
      </class> <!-- testCases.TC_006_EndToEndTest -->
    </test> <!-- Test -->
  </suite> <!-- Suite -->
</testng-results>
