<?xml version="1.0" encoding="UTF-8"?>
<!-- Generated by org.testng.reporters.JUnitXMLReporter -->
<testsuite ignored="0" hostname="Akshay-HP" failures="0" tests="5" name="Test" time="61.965" errors="0" timestamp="2024-07-25T16:48:10 IST">
  <testcase classname="testCases.TC_001_AccountRegistrationTest" name="verify_account_registration" time="4.437"/>
  <testcase classname="testCases.TC_002_LoginValidationTest" name="loginValidation" time="1.53"/>
  <testcase classname="testCases.TC_004_SearchProductTest" name="verify_pruductSearch" time="0.678"/>
  <testcase classname="testCases.TC_005_AddToCartPageTest" name="verify_addToCart" time="1.277"/>
  <testcase classname="testCases.TC_006_EndToEndTest" name="endToendTest" time="42.862"/>
</testsuite> <!-- Test -->
