<?xml version="1.0" encoding="UTF-8"?>
<!-- Generated by org.testng.reporters.JUnitXMLReporter -->
<testsuite ignored="0" hostname="Akshay-HP" failures="0" tests="5" name="Test" time="60.379" errors="0" timestamp="2024-03-23T11:27:35 IST">
  <testcase classname="testCases.TC_001_AccountRegistrationTest" name="verify_account_registration" time="3.973"/>
  <testcase classname="testCases.TC_002_LoginValidationTest" name="loginValidation" time="1.584"/>
  <testcase classname="testCases.TC_004_SearchProductTest" name="verify_pruductSearch" time="0.559"/>
  <testcase classname="testCases.TC_005_AddToCartPageTest" name="verify_addToCart" time="1.084"/>
  <testcase classname="testCases.TC_006_EndToEndTest" name="endToendTest" time="41.577"/>
</testsuite> <!-- Test -->
